<?xml version="1.0" encoding="UTF-8"?>
<testsuite name="com.example.orders.OrdersApplicationTests" tests="1" skipped="0" failures="0" errors="0" timestamp="2020-02-12T21:30:59" hostname="USLC02Y33NFJHD2" time="0.335">
  <properties/>
  <testcase name="contextLoads()" classname="com.example.orders.OrdersApplicationTests" time="0.335"/>
  <system-out><![CDATA[16:30:56.547 [Test worker] DEBUG org.springframework.test.context.BootstrapUtils - Instantiating CacheAwareContextLoaderDelegate from class [org.springframework.test.context.cache.DefaultCacheAwareContextLoaderDelegate]
16:30:56.557 [Test worker] DEBUG org.springframework.test.context.BootstrapUtils - Instantiating BootstrapContext using constructor [public org.springframework.test.context.support.DefaultBootstrapContext(java.lang.Class,org.springframework.test.context.CacheAwareContextLoaderDelegate)]
16:30:56.576 [Test worker] DEBUG org.springframework.test.context.BootstrapUtils - Instantiating TestContextBootstrapper for test class [com.example.orders.OrdersApplicationTests] from class [org.springframework.boot.test.context.SpringBootTestContextBootstrapper]
16:30:56.590 [Test worker] INFO org.springframework.boot.test.context.SpringBootTestContextBootstrapper - Neither @ContextConfiguration nor @ContextHierarchy found for test class [com.example.orders.OrdersApplicationTests], using SpringBootContextLoader
16:30:56.594 [Test worker] DEBUG org.springframework.test.context.support.AbstractContextLoader - Did not detect default resource location for test class [com.example.orders.OrdersApplicationTests]: class path resource [com/example/orders/OrdersApplicationTests-context.xml] does not exist
16:30:56.594 [Test worker] DEBUG org.springframework.test.context.support.AbstractContextLoader - Did not detect default resource location for test class [com.example.orders.OrdersApplicationTests]: class path resource [com/example/orders/OrdersApplicationTestsContext.groovy] does not exist
16:30:56.594 [Test worker] INFO org.springframework.test.context.support.AbstractContextLoader - Could not detect default resource locations for test class [com.example.orders.OrdersApplicationTests]: no resource found for suffixes {-context.xml, Context.groovy}.
16:30:56.595 [Test worker] INFO org.springframework.test.context.support.AnnotationConfigContextLoaderUtils - Could not detect default configuration classes for test class [com.example.orders.OrdersApplicationTests]: OrdersApplicationTests does not declare any static, non-private, non-final, nested classes annotated with @Configuration.
16:30:56.622 [Test worker] DEBUG org.springframework.test.context.support.ActiveProfilesUtils - Could not find an 'annotation declaring class' for annotation type [org.springframework.test.context.ActiveProfiles] and class [com.example.orders.OrdersApplicationTests]
16:30:56.669 [Test worker] DEBUG org.springframework.context.annotation.ClassPathScanningCandidateComponentProvider - Identified candidate component class: file [/Users/pami8007/Documents/orders/build/classes/java/main/com/example/orders/OrdersApplication.class]
16:30:56.669 [Test worker] INFO org.springframework.boot.test.context.SpringBootTestContextBootstrapper - Found @SpringBootConfiguration com.example.orders.OrdersApplication for test class com.example.orders.OrdersApplicationTests
16:30:56.727 [Test worker] DEBUG org.springframework.boot.test.context.SpringBootTestContextBootstrapper - @TestExecutionListeners is not present for class [com.example.orders.OrdersApplicationTests]: using defaults.
16:30:56.728 [Test worker] INFO org.springframework.boot.test.context.SpringBootTestContextBootstrapper - Loaded default TestExecutionListener class names from location [META-INF/spring.factories]: [org.springframework.boot.test.autoconfigure.restdocs.RestDocsTestExecutionListener, org.springframework.boot.test.autoconfigure.web.client.MockRestServiceServerResetTestExecutionListener, org.springframework.boot.test.autoconfigure.web.servlet.MockMvcPrintOnlyOnFailureTestExecutionListener, org.springframework.boot.test.autoconfigure.web.servlet.WebDriverTestExecutionListener, org.springframework.boot.test.mock.mockito.MockitoTestExecutionListener, org.springframework.boot.test.mock.mockito.ResetMocksTestExecutionListener, org.springframework.test.context.web.ServletTestExecutionListener, org.springframework.test.context.support.DirtiesContextBeforeModesTestExecutionListener, org.springframework.test.context.support.DependencyInjectionTestExecutionListener, org.springframework.test.context.support.DirtiesContextTestExecutionListener, org.springframework.test.context.transaction.TransactionalTestExecutionListener, org.springframework.test.context.jdbc.SqlScriptsTestExecutionListener, org.springframework.test.context.event.EventPublishingTestExecutionListener]
16:30:56.736 [Test worker] DEBUG org.springframework.boot.test.context.SpringBootTestContextBootstrapper - Skipping candidate TestExecutionListener [org.springframework.test.context.transaction.TransactionalTestExecutionListener] due to a missing dependency. Specify custom listener classes or make the default listener classes and their required dependencies available. Offending class: [org/springframework/transaction/interceptor/TransactionAttributeSource]
16:30:56.736 [Test worker] DEBUG org.springframework.boot.test.context.SpringBootTestContextBootstrapper - Skipping candidate TestExecutionListener [org.springframework.test.context.jdbc.SqlScriptsTestExecutionListener] due to a missing dependency. Specify custom listener classes or make the default listener classes and their required dependencies available. Offending class: [org/springframework/transaction/interceptor/TransactionAttribute]
16:30:56.737 [Test worker] INFO org.springframework.boot.test.context.SpringBootTestContextBootstrapper - Using TestExecutionListeners: [org.springframework.test.context.web.ServletTestExecutionListener@45d22aae, org.springframework.test.context.support.DirtiesContextBeforeModesTestExecutionListener@4cc45c32, org.springframework.boot.test.mock.mockito.MockitoTestExecutionListener@60036da8, org.springframework.boot.test.autoconfigure.SpringBootDependencyInjectionTestExecutionListener@63df2145, org.springframework.test.context.support.DirtiesContextTestExecutionListener@370cf0ca, org.springframework.test.context.event.EventPublishingTestExecutionListener@59c71fd5, org.springframework.boot.test.autoconfigure.restdocs.RestDocsTestExecutionListener@22524768, org.springframework.boot.test.autoconfigure.web.client.MockRestServiceServerResetTestExecutionListener@381d9f6e, org.springframework.boot.test.autoconfigure.web.servlet.MockMvcPrintOnlyOnFailureTestExecutionListener@68c7a207, org.springframework.boot.test.autoconfigure.web.servlet.WebDriverTestExecutionListener@91f317d, org.springframework.boot.test.mock.mockito.ResetMocksTestExecutionListener@39c65e31]
16:30:56.739 [Test worker] DEBUG org.springframework.test.context.support.AbstractDirtiesContextTestExecutionListener - Before test class: context [DefaultTestContext@31a4b209 testClass = OrdersApplicationTests, testInstance = [null], testMethod = [null], testException = [null], mergedContextConfiguration = [WebMergedContextConfiguration@1269bc76 testClass = OrdersApplicationTests, locations = '{}', classes = '{class com.example.orders.OrdersApplication}', contextInitializerClasses = '[]', activeProfiles = '{}', propertySourceLocations = '{}', propertySourceProperties = '{org.springframework.boot.test.context.SpringBootTestContextBootstrapper=true}', contextCustomizers = set[org.springframework.boot.test.autoconfigure.properties.PropertyMappingContextCustomizer@0, org.springframework.boot.test.autoconfigure.web.servlet.WebDriverContextCustomizerFactory$Customizer@20f2d702, org.springframework.boot.test.context.filter.ExcludeFilterContextCustomizer@6475ef8e, org.springframework.boot.test.json.DuplicateJsonObjectContextCustomizerFactory$DuplicateJsonObjectContextCustomizer@474dc1, org.springframework.boot.test.mock.mockito.MockitoContextCustomizer@0, org.springframework.boot.test.web.client.TestRestTemplateContextCustomizer@1f033d17], resourceBasePath = 'src/main/webapp', contextLoader = 'org.springframework.boot.test.context.SpringBootContextLoader', parent = [null]], attributes = map['org.springframework.test.context.web.ServletTestExecutionListener.activateListener' -> true]], class annotated with @DirtiesContext [false] with mode [null].
16:30:56.759 [Test worker] DEBUG org.springframework.test.context.support.TestPropertySourceUtils - Adding inlined properties to environment: {spring.jmx.enabled=false, org.springframework.boot.test.context.SpringBootTestContextBootstrapper=true, server.port=-1}

  .   ____          _            __ _ _
 /\\ / ___'_ __ _ _(_)_ __  __ _ \ \ \ \
( ( )\___ | '_ | '_| | '_ \/ _` | \ \ \ \
 \\/  ___)| |_)| | | | | || (_| |  ) ) ) )
  '  |____| .__|_| |_|_| |_\__, | / / / /
 =========|_|==============|___/=/_/_/_/
 :: Spring Boot ::        (v2.2.4.RELEASE)

2020-02-12 16:30:58.061  WARN 12379 --- [    Test worker] ory$DuplicateJsonObjectContextCustomizer : 

Found multiple occurrences of org.json.JSONObject on the class path:

	jar:file:/Users/pami8007/.gradle/caches/modules-2/files-2.1/org.json/json/20171018/36ced462c97f0845b4a7b266a25cebe95d18baa3/json-20171018.jar!/org/json/JSONObject.class
	jar:file:/Users/pami8007/.gradle/caches/modules-2/files-2.1/com.vaadin.external.google/android-json/0.0.20131108.vaadin1/fa26d351fe62a6a17f5cda1287c1c6110dec413f/android-json-0.0.20131108.vaadin1.jar!/org/json/JSONObject.class

You may wish to exclude one of them to ensure predictable runtime behavior

2020-02-12 16:30:58.079  INFO 12379 --- [    Test worker] c.example.orders.OrdersApplicationTests  : Starting OrdersApplicationTests on USLC02Y33NFJHD2 with PID 12379 (started by pami8007 in /Users/pami8007/Documents/orders)
2020-02-12 16:30:58.080  INFO 12379 --- [    Test worker] c.example.orders.OrdersApplicationTests  : No active profile set, falling back to default profiles: default
2020-02-12 16:30:58.900  INFO 12379 --- [    Test worker] o.s.s.concurrent.ThreadPoolTaskExecutor  : Initializing ExecutorService 'applicationTaskExecutor'
2020-02-12 16:30:59.076  INFO 12379 --- [    Test worker] c.example.orders.OrdersApplicationTests  : Started OrdersApplicationTests in 2.308 seconds (JVM running for 3.079)
]]></system-out>
  <system-err><![CDATA[]]></system-err>
</testsuite>
